<?xml version="1.0" encoding="UTF-8"?>
<testng-results skipped="0" failed="1" ignored="0" total="2" passed="1">
  <reporter-output>
  </reporter-output>
  <suite name="Amazon Test Suite" duration-ms="11659" started-at="2019-09-24T18:19:16Z" finished-at="2019-09-24T18:19:27Z">
    <groups>
    </groups>
    <test name="Home page Test" duration-ms="11659" started-at="2019-09-24T18:19:16Z" finished-at="2019-09-24T18:19:27Z">
      <class name="in.amazon.tests.AmazonHomePageTests">
        <test-method status="PASS" signature="preSetup()[pri:0, instance:in.amazon.tests.AmazonHomePageTests@66a3ffec]" name="preSetup" is-config="true" duration-ms="452" started-at="2019-09-24T18:19:15Z" finished-at="2019-09-24T18:19:16Z">
          <reporter-output>
          </reporter-output>
        </test-method> <!-- preSetup -->
        <test-method status="PASS" signature="setup()[pri:0, instance:in.amazon.tests.AmazonHomePageTests@66a3ffec]" name="setup" is-config="true" duration-ms="6781" started-at="2019-09-24T18:19:16Z" finished-at="2019-09-24T18:19:22Z">
          <reporter-output>
          </reporter-output>
        </test-method> <!-- setup -->
        <test-method status="FAIL" signature="verifyTitleOfTheWebpage()[pri:-1000, instance:in.amazon.tests.AmazonHomePageTests@66a3ffec]" name="verifyTitleOfTheWebpage" duration-ms="67" started-at="2019-09-24T18:19:22Z" finished-at="2019-09-24T18:19:23Z">
          <exception class="java.lang.AssertionError">
            <message>
              <![CDATA[expected [Amazon Home Page] but found [Online Shopping site in India: Shop Online for Mobiles, Books, Watches, Shoes and More - Amazon.in]]]>
            </message>
            <full-stacktrace>
              <![CDATA[java.lang.AssertionError: expected [Amazon Home Page] but found [Online Shopping site in India: Shop Online for Mobiles, Books, Watches, Shoes and More - Amazon.in]
at org.testng.Assert.fail(Assert.java:96)
at org.testng.Assert.failNotEquals(Assert.java:776)
at org.testng.Assert.assertEqualsImpl(Assert.java:137)
at org.testng.Assert.assertEquals(Assert.java:118)
at org.testng.Assert.assertEquals(Assert.java:453)
at org.testng.Assert.assertEquals(Assert.java:463)
at in.amazon.tests.AmazonHomePageTests.verifyTitleOfTheWebpage(AmazonHomePageTests.java:29)
at sun.reflect.NativeMethodAccessorImpl.invoke0(Native Method)
at sun.reflect.NativeMethodAccessorImpl.invoke(Unknown Source)
at sun.reflect.DelegatingMethodAccessorImpl.invoke(Unknown Source)
at java.lang.reflect.Method.invoke(Unknown Source)
at org.testng.internal.MethodInvocationHelper.invokeMethod(MethodInvocationHelper.java:124)
at org.testng.internal.Invoker.invokeMethod(Invoker.java:583)
at org.testng.internal.Invoker.invokeTestMethod(Invoker.java:719)
at org.testng.internal.Invoker.invokeTestMethods(Invoker.java:989)
at org.testng.internal.TestMethodWorker.invokeTestMethods(TestMethodWorker.java:125)
at org.testng.internal.TestMethodWorker.run(TestMethodWorker.java:109)
at org.testng.TestRunner.privateRun(TestRunner.java:648)
at org.testng.TestRunner.run(TestRunner.java:505)
at org.testng.SuiteRunner.runTest(SuiteRunner.java:455)
at org.testng.SuiteRunner.runSequentially(SuiteRunner.java:450)
at org.testng.SuiteRunner.privateRun(SuiteRunner.java:415)
at org.testng.SuiteRunner.run(SuiteRunner.java:364)
at org.testng.SuiteRunnerWorker.runSuite(SuiteRunnerWorker.java:52)
at org.testng.SuiteRunnerWorker.run(SuiteRunnerWorker.java:84)
at org.testng.TestNG.runSuitesSequentially(TestNG.java:1208)
at org.testng.TestNG.runSuitesLocally(TestNG.java:1137)
at org.testng.TestNG.runSuites(TestNG.java:1049)
at org.testng.TestNG.run(TestNG.java:1017)
at org.testng.remote.AbstractRemoteTestNG.run(AbstractRemoteTestNG.java:132)
at org.testng.remote.RemoteTestNG.initAndRun(RemoteTestNG.java:230)
at org.testng.remote.RemoteTestNG.main(RemoteTestNG.java:76)
]]>
            </full-stacktrace>
          </exception> <!-- java.lang.AssertionError -->
          <reporter-output>
          </reporter-output>
        </test-method> <!-- verifyTitleOfTheWebpage -->
        <test-method status="PASS" signature="afterMethod(org.testng.ITestResult)[pri:0, instance:in.amazon.tests.AmazonHomePageTests@66a3ffec]" name="afterMethod" is-config="true" duration-ms="12" started-at="2019-09-24T18:19:23Z" finished-at="2019-09-24T18:19:23Z">
          <params>
            <param index="0">
              <value>
                <![CDATA[[TestResult name=verifyTitleOfTheWebpage status=FAILURE method=AmazonHomePageTests.verifyTitleOfTheWebpage()[pri:-1000, instance:in.amazon.tests.AmazonHomePageTests@66a3ffec] output={null}]]]>
              </value>
            </param>
          </params>
          <reporter-output>
          </reporter-output>
        </test-method> <!-- afterMethod -->
        <test-method status="PASS" signature="verifySearchProduct()[pri:0, instance:in.amazon.tests.AmazonHomePageTests@66a3ffec]" name="verifySearchProduct" duration-ms="3270" started-at="2019-09-24T18:19:23Z" finished-at="2019-09-24T18:19:26Z">
          <reporter-output>
          </reporter-output>
        </test-method> <!-- verifySearchProduct -->
        <test-method status="PASS" signature="afterMethod(org.testng.ITestResult)[pri:0, instance:in.amazon.tests.AmazonHomePageTests@66a3ffec]" name="afterMethod" is-config="true" duration-ms="0" started-at="2019-09-24T18:19:26Z" finished-at="2019-09-24T18:19:26Z">
          <params>
            <param index="0">
              <value>
                <![CDATA[[TestResult name=verifySearchProduct status=SUCCESS method=AmazonHomePageTests.verifySearchProduct()[pri:0, instance:in.amazon.tests.AmazonHomePageTests@66a3ffec] output={null}]]]>
              </value>
            </param>
          </params>
          <reporter-output>
          </reporter-output>
        </test-method> <!-- afterMethod -->
        <test-method status="PASS" signature="cleanUp()[pri:0, instance:in.amazon.tests.AmazonHomePageTests@66a3ffec]" name="cleanUp" is-config="true" duration-ms="1407" started-at="2019-09-24T18:19:26Z" finished-at="2019-09-24T18:19:27Z">
          <reporter-output>
          </reporter-output>
        </test-method> <!-- cleanUp -->
        <test-method status="PASS" signature="postCleanUp()[pri:0, instance:in.amazon.tests.AmazonHomePageTests@66a3ffec]" name="postCleanUp" is-config="true" duration-ms="659" started-at="2019-09-24T18:19:27Z" finished-at="2019-09-24T18:19:28Z">
          <reporter-output>
          </reporter-output>
        </test-method> <!-- postCleanUp -->
      </class> <!-- in.amazon.tests.AmazonHomePageTests -->
    </test> <!-- Home page Test -->
  </suite> <!-- Amazon Test Suite -->
</testng-results>
